[2014-11-04 19:49:47] production.ERROR: exception 'InvalidArgumentException' with message 'View [includes.bottomscripts] not found.' in /Users/kim/Sites/prototype/bootstrap/compiled.php:9429
Stack trace:
#0 /Users/kim/Sites/prototype/bootstrap/compiled.php(9402): Illuminate\View\FileViewFinder->findInPaths('includes.bottom...', Array)
#1 /Users/kim/Sites/prototype/vendor/laravel/framework/src/Illuminate/View/Factory.php(124): Illuminate\View\FileViewFinder->find('includes.bottom...')
#2 /Users/kim/Sites/prototype/app/storage/views/53e91ef6172c5fde5e21bea79c962f49(11): Illuminate\View\Factory->make('includes.bottom...', Array)
#3 /Users/kim/Sites/prototype/bootstrap/compiled.php(9798): include('/Users/kim/Site...')
#4 /Users/kim/Sites/prototype/vendor/laravel/framework/src/Illuminate/View/Engines/CompilerEngine.php(56): Illuminate\View\Engines\PhpEngine->evaluatePath('/Users/kim/Site...', Array)
#5 /Users/kim/Sites/prototype/bootstrap/compiled.php(9676): Illuminate\View\Engines\CompilerEngine->get('/Users/kim/Site...', Array)
#6 /Users/kim/Sites/prototype/bootstrap/compiled.php(9663): Illuminate\View\View->getContents()
#7 /Users/kim/Sites/prototype/bootstrap/compiled.php(9654): Illuminate\View\View->renderContents()
#8 /Users/kim/Sites/prototype/bootstrap/compiled.php(10357): Illuminate\View\View->render()
#9 /Users/kim/Sites/prototype/bootstrap/compiled.php(9886): Illuminate\Http\Response->setContent(Object(Illuminate\View\View))
#10 /Users/kim/Sites/prototype/bootstrap/compiled.php(5189): Symfony\Component\HttpFoundation\Response->__construct(Object(Illuminate\View\View))
#11 /Users/kim/Sites/prototype/bootstrap/compiled.php(4998): Illuminate\Routing\Router->prepareResponse(Object(Illuminate\Http\Request), Object(Illuminate\View\View))
#12 /Users/kim/Sites/prototype/bootstrap/compiled.php(4984): Illuminate\Routing\Router->dispatchToRoute(Object(Illuminate\Http\Request))
#13 /Users/kim/Sites/prototype/bootstrap/compiled.php(715): Illuminate\Routing\Router->dispatch(Object(Illuminate\Http\Request))
#14 /Users/kim/Sites/prototype/bootstrap/compiled.php(696): Illuminate\Foundation\Application->dispatch(Object(Illuminate\Http\Request))
#15 /Users/kim/Sites/prototype/bootstrap/compiled.php(7744): Illuminate\Foundation\Application->handle(Object(Illuminate\Http\Request), 1, true)
#16 /Users/kim/Sites/prototype/bootstrap/compiled.php(8351): Illuminate\Session\Middleware->handle(Object(Illuminate\Http\Request), 1, true)
#17 /Users/kim/Sites/prototype/bootstrap/compiled.php(8298): Illuminate\Cookie\Queue->handle(Object(Illuminate\Http\Request), 1, true)
#18 /Users/kim/Sites/prototype/bootstrap/compiled.php(10961): Illuminate\Cookie\Guard->handle(Object(Illuminate\Http\Request), 1, true)
#19 /Users/kim/Sites/prototype/bootstrap/compiled.php(657): Stack\StackedHttpKernel->handle(Object(Illuminate\Http\Request))
#20 /Users/kim/Sites/prototype/public/index.php(49): Illuminate\Foundation\Application->run()
#21 {main}

Next exception 'ErrorException' with message 'View [includes.bottomscripts] not found. (View: /Users/kim/Sites/prototype/app/views/home.blade.php)' in /Users/kim/Sites/prototype/bootstrap/compiled.php:9429
Stack trace:
#0 /Users/kim/Sites/prototype/bootstrap/compiled.php(9800): Illuminate\View\Engines\CompilerEngine->handleViewException(Object(InvalidArgumentException), 1)
#1 /Users/kim/Sites/prototype/vendor/laravel/framework/src/Illuminate/View/Engines/CompilerEngine.php(56): Illuminate\View\Engines\PhpEngine->evaluatePath('/Users/kim/Site...', Array)
#2 /Users/kim/Sites/prototype/bootstrap/compiled.php(9676): Illuminate\View\Engines\CompilerEngine->get('/Users/kim/Site...', Array)
#3 /Users/kim/Sites/prototype/bootstrap/compiled.php(9663): Illuminate\View\View->getContents()
#4 /Users/kim/Sites/prototype/bootstrap/compiled.php(9654): Illuminate\View\View->renderContents()
#5 /Users/kim/Sites/prototype/bootstrap/compiled.php(10357): Illuminate\View\View->render()
#6 /Users/kim/Sites/prototype/bootstrap/compiled.php(9886): Illuminate\Http\Response->setContent(Object(Illuminate\View\View))
#7 /Users/kim/Sites/prototype/bootstrap/compiled.php(5189): Symfony\Component\HttpFoundation\Response->__construct(Object(Illuminate\View\View))
#8 /Users/kim/Sites/prototype/bootstrap/compiled.php(4998): Illuminate\Routing\Router->prepareResponse(Object(Illuminate\Http\Request), Object(Illuminate\View\View))
#9 /Users/kim/Sites/prototype/bootstrap/compiled.php(4984): Illuminate\Routing\Router->dispatchToRoute(Object(Illuminate\Http\Request))
#10 /Users/kim/Sites/prototype/bootstrap/compiled.php(715): Illuminate\Routing\Router->dispatch(Object(Illuminate\Http\Request))
#11 /Users/kim/Sites/prototype/bootstrap/compiled.php(696): Illuminate\Foundation\Application->dispatch(Object(Illuminate\Http\Request))
#12 /Users/kim/Sites/prototype/bootstrap/compiled.php(7744): Illuminate\Foundation\Application->handle(Object(Illuminate\Http\Request), 1, true)
#13 /Users/kim/Sites/prototype/bootstrap/compiled.php(8351): Illuminate\Session\Middleware->handle(Object(Illuminate\Http\Request), 1, true)
#14 /Users/kim/Sites/prototype/bootstrap/compiled.php(8298): Illuminate\Cookie\Queue->handle(Object(Illuminate\Http\Request), 1, true)
#15 /Users/kim/Sites/prototype/bootstrap/compiled.php(10961): Illuminate\Cookie\Guard->handle(Object(Illuminate\Http\Request), 1, true)
#16 /Users/kim/Sites/prototype/bootstrap/compiled.php(657): Stack\StackedHttpKernel->handle(Object(Illuminate\Http\Request))
#17 /Users/kim/Sites/prototype/public/index.php(49): Illuminate\Foundation\Application->run()
#18 {main} [] []
[2014-11-04 19:49:48] production.ERROR: exception 'InvalidArgumentException' with message 'View [includes.bottomscripts] not found.' in /Users/kim/Sites/prototype/bootstrap/compiled.php:9429
Stack trace:
#0 /Users/kim/Sites/prototype/bootstrap/compiled.php(9402): Illuminate\View\FileViewFinder->findInPaths('includes.bottom...', Array)
#1 /Users/kim/Sites/prototype/vendor/laravel/framework/src/Illuminate/View/Factory.php(124): Illuminate\View\FileViewFinder->find('includes.bottom...')
#2 /Users/kim/Sites/prototype/app/storage/views/53e91ef6172c5fde5e21bea79c962f49(11): Illuminate\View\Factory->make('includes.bottom...', Array)
#3 /Users/kim/Sites/prototype/bootstrap/compiled.php(9798): include('/Users/kim/Site...')
#4 /Users/kim/Sites/prototype/vendor/laravel/framework/src/Illuminate/View/Engines/CompilerEngine.php(56): Illuminate\View\Engines\PhpEngine->evaluatePath('/Users/kim/Site...', Array)
#5 /Users/kim/Sites/prototype/bootstrap/compiled.php(9676): Illuminate\View\Engines\CompilerEngine->get('/Users/kim/Site...', Array)
#6 /Users/kim/Sites/prototype/bootstrap/compiled.php(9663): Illuminate\View\View->getContents()
#7 /Users/kim/Sites/prototype/bootstrap/compiled.php(9654): Illuminate\View\View->renderContents()
#8 /Users/kim/Sites/prototype/bootstrap/compiled.php(10357): Illuminate\View\View->render()
#9 /Users/kim/Sites/prototype/bootstrap/compiled.php(9886): Illuminate\Http\Response->setContent(Object(Illuminate\View\View))
#10 /Users/kim/Sites/prototype/bootstrap/compiled.php(5189): Symfony\Component\HttpFoundation\Response->__construct(Object(Illuminate\View\View))
#11 /Users/kim/Sites/prototype/bootstrap/compiled.php(4998): Illuminate\Routing\Router->prepareResponse(Object(Illuminate\Http\Request), Object(Illuminate\View\View))
#12 /Users/kim/Sites/prototype/bootstrap/compiled.php(4984): Illuminate\Routing\Router->dispatchToRoute(Object(Illuminate\Http\Request))
#13 /Users/kim/Sites/prototype/bootstrap/compiled.php(715): Illuminate\Routing\Router->dispatch(Object(Illuminate\Http\Request))
#14 /Users/kim/Sites/prototype/bootstrap/compiled.php(696): Illuminate\Foundation\Application->dispatch(Object(Illuminate\Http\Request))
#15 /Users/kim/Sites/prototype/bootstrap/compiled.php(7744): Illuminate\Foundation\Application->handle(Object(Illuminate\Http\Request), 1, true)
#16 /Users/kim/Sites/prototype/bootstrap/compiled.php(8351): Illuminate\Session\Middleware->handle(Object(Illuminate\Http\Request), 1, true)
#17 /Users/kim/Sites/prototype/bootstrap/compiled.php(8298): Illuminate\Cookie\Queue->handle(Object(Illuminate\Http\Request), 1, true)
#18 /Users/kim/Sites/prototype/bootstrap/compiled.php(10961): Illuminate\Cookie\Guard->handle(Object(Illuminate\Http\Request), 1, true)
#19 /Users/kim/Sites/prototype/bootstrap/compiled.php(657): Stack\StackedHttpKernel->handle(Object(Illuminate\Http\Request))
#20 /Users/kim/Sites/prototype/public/index.php(49): Illuminate\Foundation\Application->run()
#21 {main}

Next exception 'ErrorException' with message 'View [includes.bottomscripts] not found. (View: /Users/kim/Sites/prototype/app/views/home.blade.php)' in /Users/kim/Sites/prototype/bootstrap/compiled.php:9429
Stack trace:
#0 /Users/kim/Sites/prototype/bootstrap/compiled.php(9800): Illuminate\View\Engines\CompilerEngine->handleViewException(Object(InvalidArgumentException), 1)
#1 /Users/kim/Sites/prototype/vendor/laravel/framework/src/Illuminate/View/Engines/CompilerEngine.php(56): Illuminate\View\Engines\PhpEngine->evaluatePath('/Users/kim/Site...', Array)
#2 /Users/kim/Sites/prototype/bootstrap/compiled.php(9676): Illuminate\View\Engines\CompilerEngine->get('/Users/kim/Site...', Array)
#3 /Users/kim/Sites/prototype/bootstrap/compiled.php(9663): Illuminate\View\View->getContents()
#4 /Users/kim/Sites/prototype/bootstrap/compiled.php(9654): Illuminate\View\View->renderContents()
#5 /Users/kim/Sites/prototype/bootstrap/compiled.php(10357): Illuminate\View\View->render()
#6 /Users/kim/Sites/prototype/bootstrap/compiled.php(9886): Illuminate\Http\Response->setContent(Object(Illuminate\View\View))
#7 /Users/kim/Sites/prototype/bootstrap/compiled.php(5189): Symfony\Component\HttpFoundation\Response->__construct(Object(Illuminate\View\View))
#8 /Users/kim/Sites/prototype/bootstrap/compiled.php(4998): Illuminate\Routing\Router->prepareResponse(Object(Illuminate\Http\Request), Object(Illuminate\View\View))
#9 /Users/kim/Sites/prototype/bootstrap/compiled.php(4984): Illuminate\Routing\Router->dispatchToRoute(Object(Illuminate\Http\Request))
#10 /Users/kim/Sites/prototype/bootstrap/compiled.php(715): Illuminate\Routing\Router->dispatch(Object(Illuminate\Http\Request))
#11 /Users/kim/Sites/prototype/bootstrap/compiled.php(696): Illuminate\Foundation\Application->dispatch(Object(Illuminate\Http\Request))
#12 /Users/kim/Sites/prototype/bootstrap/compiled.php(7744): Illuminate\Foundation\Application->handle(Object(Illuminate\Http\Request), 1, true)
#13 /Users/kim/Sites/prototype/bootstrap/compiled.php(8351): Illuminate\Session\Middleware->handle(Object(Illuminate\Http\Request), 1, true)
#14 /Users/kim/Sites/prototype/bootstrap/compiled.php(8298): Illuminate\Cookie\Queue->handle(Object(Illuminate\Http\Request), 1, true)
#15 /Users/kim/Sites/prototype/bootstrap/compiled.php(10961): Illuminate\Cookie\Guard->handle(Object(Illuminate\Http\Request), 1, true)
#16 /Users/kim/Sites/prototype/bootstrap/compiled.php(657): Stack\StackedHttpKernel->handle(Object(Illuminate\Http\Request))
#17 /Users/kim/Sites/prototype/public/index.php(49): Illuminate\Foundation\Application->run()
#18 {main} [] []
